<?xml version="1.0" encoding="UTF-8"?>
<testng-results skipped="0" failed="0" ignored="0" total="1" passed="1">
  <reporter-output>
  </reporter-output>
  <suite name="Default suite" duration-ms="229" started-at="2019-10-20T01:18:31 PDT" finished-at="2019-10-20T01:18:31 PDT">
    <groups>
    </groups>
    <test name="Default test" duration-ms="229" started-at="2019-10-20T01:18:31 PDT" finished-at="2019-10-20T01:18:31 PDT">
      <class name="com.mytests.restapis.get.GetUsersTest">
        <test-method status="PASS" signature="getListOfUsersTest()[pri:0, instance:com.mytests.restapis.get.GetUsersTest@3e9b1010]" name="getListOfUsersTest" duration-ms="196" started-at="2019-10-20T01:18:31 PDT" finished-at="2019-10-20T01:18:31 PDT">
          <reporter-output>
          </reporter-output>
        </test-method> <!-- getListOfUsersTest -->
      </class> <!-- com.mytests.restapis.get.GetUsersTest -->
    </test> <!-- Default test -->
  </suite> <!-- Default suite -->
</testng-results>
